[2024-12-09 14:38:49,184] 1371 matplotlib.font_manager - WARNING - findfont: Font family 'Helvetica' not found.
[2024-12-09 14:38:49,252] 1371 matplotlib.font_manager - WARNING - findfont: Font family 'Helvetica' not found.
[2024-12-09 14:38:49,274] 1371 matplotlib.font_manager - WARNING - findfont: Font family 'Helvetica' not found.
[2024-12-09 14:38:49,335] 1371 matplotlib.font_manager - WARNING - findfont: Font family 'Helvetica' not found.
[2024-12-09 14:38:49,335] 1371 matplotlib.font_manager - WARNING - findfont: Font family 'Helvetica' not found.
[2024-12-09 14:38:49,362] 1371 matplotlib.font_manager - WARNING - findfont: Font family 'Helvetica' not found.
[2024-12-09 14:38:49,679] 1371 matplotlib.font_manager - WARNING - findfont: Font family 'Helvetica' not found.
[2024-12-09 14:38:49,681] 1371 matplotlib.font_manager - WARNING - findfont: Font family 'Helvetica' not found.
[2024-12-09 14:38:49,682] 1371 matplotlib.font_manager - WARNING - findfont: Font family 'Helvetica' not found.
[2024-12-09 14:38:49,807] 1371 matplotlib.font_manager - WARNING - findfont: Font family 'Helvetica' not found.
[2024-12-09 14:38:49,807] 1371 matplotlib.font_manager - WARNING - findfont: Font family 'Helvetica' not found.
[2024-12-09 14:39:03,113] 1371 matplotlib.font_manager - WARNING - findfont: Font family 'Helvetica' not found.
[2024-12-09 14:39:03,119] 1371 matplotlib.font_manager - WARNING - findfont: Font family 'Helvetica' not found.
[2024-12-09 14:39:03,163] 1371 matplotlib.font_manager - WARNING - findfont: Font family 'Helvetica' not found.
[2024-12-09 14:39:03,274] 1371 matplotlib.font_manager - WARNING - findfont: Font family 'Helvetica' not found.
[2024-12-09 14:39:03,277] 1371 matplotlib.font_manager - WARNING - findfont: Font family 'Helvetica' not found.
[2024-12-09 14:39:03,371] 1371 matplotlib.font_manager - WARNING - findfont: Font family 'Helvetica' not found.
[2024-12-09 14:39:03,742] 1371 matplotlib.font_manager - WARNING - findfont: Font family 'Helvetica' not found.
[2024-12-09 14:39:03,743] 1371 matplotlib.font_manager - WARNING - findfont: Font family 'Helvetica' not found.
[2024-12-09 14:39:03,744] 1371 matplotlib.font_manager - WARNING - findfont: Font family 'Helvetica' not found.
[2024-12-09 14:39:03,871] 1371 matplotlib.font_manager - WARNING - findfont: Font family 'Helvetica' not found.
[2024-12-09 14:39:03,873] 1371 matplotlib.font_manager - WARNING - findfont: Font family 'Helvetica' not found.
[2024-12-09 14:39:13,967] 1371 matplotlib.font_manager - WARNING - findfont: Font family 'Helvetica' not found.
[2024-12-09 14:39:13,970] 1371 matplotlib.font_manager - WARNING - findfont: Font family 'Helvetica' not found.
[2024-12-09 14:39:14,019] 1371 matplotlib.font_manager - WARNING - findfont: Font family 'Helvetica' not found.
[2024-12-09 14:39:14,288] 1371 matplotlib.font_manager - WARNING - findfont: Font family 'Helvetica' not found.
[2024-12-09 14:39:14,291] 1371 matplotlib.font_manager - WARNING - findfont: Font family 'Helvetica' not found.
[2024-12-09 14:39:14,353] 1371 matplotlib.font_manager - WARNING - findfont: Font family 'Helvetica' not found.
[2024-12-09 14:39:14,671] 1371 matplotlib.font_manager - WARNING - findfont: Font family 'Helvetica' not found.
[2024-12-09 14:39:14,672] 1371 matplotlib.font_manager - WARNING - findfont: Font family 'Helvetica' not found.
[2024-12-09 14:39:14,672] 1371 matplotlib.font_manager - WARNING - findfont: Font family 'Helvetica' not found.
[2024-12-09 14:39:14,767] 1371 matplotlib.font_manager - WARNING - findfont: Font family 'Helvetica' not found.
[2024-12-09 14:39:14,772] 1371 matplotlib.font_manager - WARNING - findfont: Font family 'Helvetica' not found.
[2024-12-09 14:39:18,356] 1371 matplotlib.font_manager - WARNING - findfont: Font family 'Helvetica' not found.
[2024-12-09 14:39:18,360] 1371 matplotlib.font_manager - WARNING - findfont: Font family 'Helvetica' not found.
[2024-12-09 14:39:18,398] 1371 matplotlib.font_manager - WARNING - findfont: Font family 'Helvetica' not found.
[2024-12-09 14:39:18,494] 1371 matplotlib.font_manager - WARNING - findfont: Font family 'Helvetica' not found.
[2024-12-09 14:39:18,495] 1371 matplotlib.font_manager - WARNING - findfont: Font family 'Helvetica' not found.
[2024-12-09 14:39:18,556] 1371 matplotlib.font_manager - WARNING - findfont: Font family 'Helvetica' not found.
[2024-12-09 14:39:18,864] 1371 matplotlib.font_manager - WARNING - findfont: Font family 'Helvetica' not found.
[2024-12-09 14:39:18,864] 1371 matplotlib.font_manager - WARNING - findfont: Font family 'Helvetica' not found.
[2024-12-09 14:39:18,864] 1371 matplotlib.font_manager - WARNING - findfont: Font family 'Helvetica' not found.
[2024-12-09 14:39:18,974] 1371 matplotlib.font_manager - WARNING - findfont: Font family 'Helvetica' not found.
[2024-12-09 14:39:18,974] 1371 matplotlib.font_manager - WARNING - findfont: Font family 'Helvetica' not found.
[2024-12-09 14:39:26,053] 1371 matplotlib.font_manager - WARNING - findfont: Font family 'Helvetica' not found.
[2024-12-09 14:39:26,058] 1371 matplotlib.font_manager - WARNING - findfont: Font family 'Helvetica' not found.
[2024-12-09 14:39:26,097] 1371 matplotlib.font_manager - WARNING - findfont: Font family 'Helvetica' not found.
[2024-12-09 14:39:26,182] 1371 matplotlib.font_manager - WARNING - findfont: Font family 'Helvetica' not found.
[2024-12-09 14:39:26,183] 1371 matplotlib.font_manager - WARNING - findfont: Font family 'Helvetica' not found.
[2024-12-09 14:39:26,237] 1371 matplotlib.font_manager - WARNING - findfont: Font family 'Helvetica' not found.
[2024-12-09 14:39:26,493] 1371 matplotlib.font_manager - WARNING - findfont: Font family 'Helvetica' not found.
[2024-12-09 14:39:26,493] 1371 matplotlib.font_manager - WARNING - findfont: Font family 'Helvetica' not found.
[2024-12-09 14:39:26,493] 1371 matplotlib.font_manager - WARNING - findfont: Font family 'Helvetica' not found.
[2024-12-09 14:39:26,583] 1371 matplotlib.font_manager - WARNING - findfont: Font family 'Helvetica' not found.
[2024-12-09 14:39:26,585] 1371 matplotlib.font_manager - WARNING - findfont: Font family 'Helvetica' not found.
[2024-12-09 14:41:34,837] 1371 matplotlib.font_manager - WARNING - findfont: Font family 'Helvetica' not found.
[2024-12-09 14:41:34,843] 1371 matplotlib.font_manager - WARNING - findfont: Font family 'Helvetica' not found.
[2024-12-09 14:41:34,887] 1371 matplotlib.font_manager - WARNING - findfont: Font family 'Helvetica' not found.
[2024-12-09 14:41:35,015] 1371 matplotlib.font_manager - WARNING - findfont: Font family 'Helvetica' not found.
[2024-12-09 14:41:35,015] 1371 matplotlib.font_manager - WARNING - findfont: Font family 'Helvetica' not found.
[2024-12-09 14:41:35,098] 1371 matplotlib.font_manager - WARNING - findfont: Font family 'Helvetica' not found.
[2024-12-09 14:41:35,518] 1371 matplotlib.font_manager - WARNING - findfont: Font family 'Helvetica' not found.
[2024-12-09 14:41:35,521] 1371 matplotlib.font_manager - WARNING - findfont: Font family 'Helvetica' not found.
[2024-12-09 14:41:35,523] 1371 matplotlib.font_manager - WARNING - findfont: Font family 'Helvetica' not found.
[2024-12-09 14:41:35,644] 1371 matplotlib.font_manager - WARNING - findfont: Font family 'Helvetica' not found.
[2024-12-09 14:41:35,646] 1371 matplotlib.font_manager - WARNING - findfont: Font family 'Helvetica' not found.
[2024-12-09 14:41:37,810] 1371 matplotlib.font_manager - WARNING - findfont: Font family 'Helvetica' not found.
[2024-12-09 14:41:37,815] 1371 matplotlib.font_manager - WARNING - findfont: Font family 'Helvetica' not found.
[2024-12-09 14:41:37,855] 1371 matplotlib.font_manager - WARNING - findfont: Font family 'Helvetica' not found.
[2024-12-09 14:41:37,956] 1371 matplotlib.font_manager - WARNING - findfont: Font family 'Helvetica' not found.
[2024-12-09 14:41:37,957] 1371 matplotlib.font_manager - WARNING - findfont: Font family 'Helvetica' not found.
[2024-12-09 14:41:38,004] 1371 matplotlib.font_manager - WARNING - findfont: Font family 'Helvetica' not found.
[2024-12-09 14:41:38,319] 1371 matplotlib.font_manager - WARNING - findfont: Font family 'Helvetica' not found.
[2024-12-09 14:41:38,322] 1371 matplotlib.font_manager - WARNING - findfont: Font family 'Helvetica' not found.
[2024-12-09 14:41:38,324] 1371 matplotlib.font_manager - WARNING - findfont: Font family 'Helvetica' not found.
[2024-12-09 14:41:38,426] 1371 matplotlib.font_manager - WARNING - findfont: Font family 'Helvetica' not found.
[2024-12-09 14:41:38,431] 1371 matplotlib.font_manager - WARNING - findfont: Font family 'Helvetica' not found.
[2024-12-09 14:42:50,415] 1371 matplotlib.font_manager - WARNING - findfont: Font family 'Helvetica' not found.
[2024-12-09 14:42:50,421] 1371 matplotlib.font_manager - WARNING - findfont: Font family 'Helvetica' not found.
[2024-12-09 14:42:50,455] 1371 matplotlib.font_manager - WARNING - findfont: Font family 'Helvetica' not found.
[2024-12-09 14:42:50,576] 1371 matplotlib.font_manager - WARNING - findfont: Font family 'Helvetica' not found.
[2024-12-09 14:42:50,582] 1371 matplotlib.font_manager - WARNING - findfont: Font family 'Helvetica' not found.
[2024-12-09 14:42:50,634] 1371 matplotlib.font_manager - WARNING - findfont: Font family 'Helvetica' not found.
[2024-12-09 14:42:50,896] 1371 matplotlib.font_manager - WARNING - findfont: Font family 'Helvetica' not found.
[2024-12-09 14:42:50,898] 1371 matplotlib.font_manager - WARNING - findfont: Font family 'Helvetica' not found.
[2024-12-09 14:42:50,898] 1371 matplotlib.font_manager - WARNING - findfont: Font family 'Helvetica' not found.
[2024-12-09 14:42:50,985] 1371 matplotlib.font_manager - WARNING - findfont: Font family 'Helvetica' not found.
[2024-12-09 14:42:50,985] 1371 matplotlib.font_manager - WARNING - findfont: Font family 'Helvetica' not found.
[2024-12-09 14:42:58,535] 1371 matplotlib.font_manager - WARNING - findfont: Font family 'Helvetica' not found.
[2024-12-09 14:42:58,544] 1371 matplotlib.font_manager - WARNING - findfont: Font family 'Helvetica' not found.
[2024-12-09 14:42:58,585] 1371 matplotlib.font_manager - WARNING - findfont: Font family 'Helvetica' not found.
[2024-12-09 14:42:58,679] 1371 matplotlib.font_manager - WARNING - findfont: Font family 'Helvetica' not found.
[2024-12-09 14:42:58,679] 1371 matplotlib.font_manager - WARNING - findfont: Font family 'Helvetica' not found.
[2024-12-09 14:42:58,732] 1371 matplotlib.font_manager - WARNING - findfont: Font family 'Helvetica' not found.
[2024-12-09 14:42:59,005] 1371 matplotlib.font_manager - WARNING - findfont: Font family 'Helvetica' not found.
[2024-12-09 14:42:59,005] 1371 matplotlib.font_manager - WARNING - findfont: Font family 'Helvetica' not found.
[2024-12-09 14:42:59,005] 1371 matplotlib.font_manager - WARNING - findfont: Font family 'Helvetica' not found.
[2024-12-09 14:42:59,116] 1371 matplotlib.font_manager - WARNING - findfont: Font family 'Helvetica' not found.
[2024-12-09 14:42:59,117] 1371 matplotlib.font_manager - WARNING - findfont: Font family 'Helvetica' not found.
[2024-12-09 14:43:09,531] 1371 matplotlib.font_manager - WARNING - findfont: Font family 'Helvetica' not found.
[2024-12-09 14:43:09,536] 1371 matplotlib.font_manager - WARNING - findfont: Font family 'Helvetica' not found.
[2024-12-09 14:43:09,594] 1371 matplotlib.font_manager - WARNING - findfont: Font family 'Helvetica' not found.
[2024-12-09 14:43:09,721] 1371 matplotlib.font_manager - WARNING - findfont: Font family 'Helvetica' not found.
[2024-12-09 14:43:09,721] 1371 matplotlib.font_manager - WARNING - findfont: Font family 'Helvetica' not found.
[2024-12-09 14:43:09,775] 1371 matplotlib.font_manager - WARNING - findfont: Font family 'Helvetica' not found.
[2024-12-09 14:43:10,144] 1371 matplotlib.font_manager - WARNING - findfont: Font family 'Helvetica' not found.
[2024-12-09 14:43:10,145] 1371 matplotlib.font_manager - WARNING - findfont: Font family 'Helvetica' not found.
[2024-12-09 14:43:10,147] 1371 matplotlib.font_manager - WARNING - findfont: Font family 'Helvetica' not found.
[2024-12-09 14:43:10,294] 1371 matplotlib.font_manager - WARNING - findfont: Font family 'Helvetica' not found.
[2024-12-09 14:43:10,295] 1371 matplotlib.font_manager - WARNING - findfont: Font family 'Helvetica' not found.
[2024-12-09 14:43:38,774] 1371 matplotlib.font_manager - WARNING - findfont: Font family 'Helvetica' not found.
[2024-12-09 14:43:38,776] 1371 matplotlib.font_manager - WARNING - findfont: Font family 'Helvetica' not found.
[2024-12-09 14:43:38,817] 1371 matplotlib.font_manager - WARNING - findfont: Font family 'Helvetica' not found.
[2024-12-09 14:43:38,884] 1371 matplotlib.font_manager - WARNING - findfont: Font family 'Helvetica' not found.
[2024-12-09 14:43:38,884] 1371 matplotlib.font_manager - WARNING - findfont: Font family 'Helvetica' not found.
[2024-12-09 14:43:38,934] 1371 matplotlib.font_manager - WARNING - findfont: Font family 'Helvetica' not found.
[2024-12-09 14:43:39,209] 1371 matplotlib.font_manager - WARNING - findfont: Font family 'Helvetica' not found.
[2024-12-09 14:43:39,209] 1371 matplotlib.font_manager - WARNING - findfont: Font family 'Helvetica' not found.
[2024-12-09 14:43:39,212] 1371 matplotlib.font_manager - WARNING - findfont: Font family 'Helvetica' not found.
[2024-12-09 14:43:39,288] 1371 matplotlib.font_manager - WARNING - findfont: Font family 'Helvetica' not found.
[2024-12-09 14:43:39,288] 1371 matplotlib.font_manager - WARNING - findfont: Font family 'Helvetica' not found.
[2024-12-09 14:44:29,186] 1371 matplotlib.font_manager - WARNING - findfont: Font family 'Helvetica' not found.
[2024-12-09 14:44:29,193] 1371 matplotlib.font_manager - WARNING - findfont: Font family 'Helvetica' not found.
[2024-12-09 14:44:29,246] 1371 matplotlib.font_manager - WARNING - findfont: Font family 'Helvetica' not found.
[2024-12-09 14:44:29,359] 1371 matplotlib.font_manager - WARNING - findfont: Font family 'Helvetica' not found.
[2024-12-09 14:44:29,360] 1371 matplotlib.font_manager - WARNING - findfont: Font family 'Helvetica' not found.
[2024-12-09 14:44:29,452] 1371 matplotlib.font_manager - WARNING - findfont: Font family 'Helvetica' not found.
[2024-12-09 14:44:30,284] 1371 matplotlib.font_manager - WARNING - findfont: Font family 'Helvetica' not found.
[2024-12-09 14:44:30,285] 1371 matplotlib.font_manager - WARNING - findfont: Font family 'Helvetica' not found.
[2024-12-09 14:44:30,286] 1371 matplotlib.font_manager - WARNING - findfont: Font family 'Helvetica' not found.
[2024-12-09 14:44:30,373] 1371 matplotlib.font_manager - WARNING - findfont: Font family 'Helvetica' not found.
[2024-12-09 14:44:30,379] 1371 matplotlib.font_manager - WARNING - findfont: Font family 'Helvetica' not found.
[2024-12-09 14:45:07,340] 1371 matplotlib.font_manager - WARNING - findfont: Font family 'Helvetica' not found.
[2024-12-09 14:45:07,345] 1371 matplotlib.font_manager - WARNING - findfont: Font family 'Helvetica' not found.
[2024-12-09 14:45:07,369] 1371 matplotlib.font_manager - WARNING - findfont: Font family 'Helvetica' not found.
[2024-12-09 14:45:07,448] 1371 matplotlib.font_manager - WARNING - findfont: Font family 'Helvetica' not found.
[2024-12-09 14:45:07,449] 1371 matplotlib.font_manager - WARNING - findfont: Font family 'Helvetica' not found.
[2024-12-09 14:45:07,591] 1371 matplotlib.font_manager - WARNING - findfont: Font family 'Helvetica' not found.
[2024-12-09 14:45:07,958] 1371 matplotlib.font_manager - WARNING - findfont: Font family 'Helvetica' not found.
[2024-12-09 14:45:07,959] 1371 matplotlib.font_manager - WARNING - findfont: Font family 'Helvetica' not found.
[2024-12-09 14:45:07,959] 1371 matplotlib.font_manager - WARNING - findfont: Font family 'Helvetica' not found.
[2024-12-09 14:45:08,109] 1371 matplotlib.font_manager - WARNING - findfont: Font family 'Helvetica' not found.
[2024-12-09 14:45:08,115] 1371 matplotlib.font_manager - WARNING - findfont: Font family 'Helvetica' not found.
[2024-12-09 14:51:04,376] 1371 matplotlib.font_manager - WARNING - findfont: Font family 'Helvetica' not found.
[2024-12-09 14:51:04,385] 1371 matplotlib.font_manager - WARNING - findfont: Font family 'Helvetica' not found.
[2024-12-09 14:51:04,422] 1371 matplotlib.font_manager - WARNING - findfont: Font family 'Helvetica' not found.
[2024-12-09 14:51:04,507] 1371 matplotlib.font_manager - WARNING - findfont: Font family 'Helvetica' not found.
[2024-12-09 14:51:04,507] 1371 matplotlib.font_manager - WARNING - findfont: Font family 'Helvetica' not found.
[2024-12-09 14:51:04,548] 1371 matplotlib.font_manager - WARNING - findfont: Font family 'Helvetica' not found.
[2024-12-09 14:51:04,866] 1371 matplotlib.font_manager - WARNING - findfont: Font family 'Helvetica' not found.
[2024-12-09 14:51:04,866] 1371 matplotlib.font_manager - WARNING - findfont: Font family 'Helvetica' not found.
[2024-12-09 14:51:04,866] 1371 matplotlib.font_manager - WARNING - findfont: Font family 'Helvetica' not found.
[2024-12-09 14:51:05,062] 1371 matplotlib.font_manager - WARNING - findfont: Font family 'Helvetica' not found.
[2024-12-09 14:51:05,062] 1371 matplotlib.font_manager - WARNING - findfont: Font family 'Helvetica' not found.
[2024-12-09 14:55:25,498] 1371 matplotlib.font_manager - WARNING - findfont: Font family 'Helvetica' not found.
[2024-12-09 14:55:25,505] 1371 matplotlib.font_manager - WARNING - findfont: Font family 'Helvetica' not found.
[2024-12-09 14:55:25,549] 1371 matplotlib.font_manager - WARNING - findfont: Font family 'Helvetica' not found.
[2024-12-09 14:55:25,682] 1371 matplotlib.font_manager - WARNING - findfont: Font family 'Helvetica' not found.
[2024-12-09 14:55:25,682] 1371 matplotlib.font_manager - WARNING - findfont: Font family 'Helvetica' not found.
[2024-12-09 14:55:25,739] 1371 matplotlib.font_manager - WARNING - findfont: Font family 'Helvetica' not found.
[2024-12-09 14:55:26,056] 1371 matplotlib.font_manager - WARNING - findfont: Font family 'Helvetica' not found.
[2024-12-09 14:55:26,056] 1371 matplotlib.font_manager - WARNING - findfont: Font family 'Helvetica' not found.
[2024-12-09 14:55:26,056] 1371 matplotlib.font_manager - WARNING - findfont: Font family 'Helvetica' not found.
[2024-12-09 14:55:26,145] 1371 matplotlib.font_manager - WARNING - findfont: Font family 'Helvetica' not found.
[2024-12-09 14:55:26,148] 1371 matplotlib.font_manager - WARNING - findfont: Font family 'Helvetica' not found.
[2024-12-09 14:58:33,821] 1371 matplotlib.font_manager - WARNING - findfont: Font family 'Helvetica' not found.
[2024-12-09 14:58:33,825] 1371 matplotlib.font_manager - WARNING - findfont: Font family 'Helvetica' not found.
[2024-12-09 14:58:33,874] 1371 matplotlib.font_manager - WARNING - findfont: Font family 'Helvetica' not found.
[2024-12-09 14:58:34,003] 1371 matplotlib.font_manager - WARNING - findfont: Font family 'Helvetica' not found.
[2024-12-09 14:58:34,007] 1371 matplotlib.font_manager - WARNING - findfont: Font family 'Helvetica' not found.
[2024-12-09 14:58:34,076] 1371 matplotlib.font_manager - WARNING - findfont: Font family 'Helvetica' not found.
[2024-12-09 14:58:34,318] 1371 matplotlib.font_manager - WARNING - findfont: Font family 'Helvetica' not found.
[2024-12-09 14:58:34,318] 1371 matplotlib.font_manager - WARNING - findfont: Font family 'Helvetica' not found.
[2024-12-09 14:58:34,324] 1371 matplotlib.font_manager - WARNING - findfont: Font family 'Helvetica' not found.
[2024-12-09 14:58:34,439] 1371 matplotlib.font_manager - WARNING - findfont: Font family 'Helvetica' not found.
[2024-12-09 14:58:34,439] 1371 matplotlib.font_manager - WARNING - findfont: Font family 'Helvetica' not found.
[2024-12-09 14:59:59,647] 1371 matplotlib.font_manager - WARNING - findfont: Font family 'Helvetica' not found.
[2024-12-09 14:59:59,651] 1371 matplotlib.font_manager - WARNING - findfont: Font family 'Helvetica' not found.
[2024-12-09 14:59:59,830] 1371 matplotlib.font_manager - WARNING - findfont: Font family 'Helvetica' not found.
[2024-12-09 14:59:59,994] 1371 matplotlib.font_manager - WARNING - findfont: Font family 'Helvetica' not found.
[2024-12-09 14:59:59,994] 1371 matplotlib.font_manager - WARNING - findfont: Font family 'Helvetica' not found.
[2024-12-09 15:00:00,066] 1371 matplotlib.font_manager - WARNING - findfont: Font family 'Helvetica' not found.
[2024-12-09 15:00:00,388] 1371 matplotlib.font_manager - WARNING - findfont: Font family 'Helvetica' not found.
[2024-12-09 15:00:00,389] 1371 matplotlib.font_manager - WARNING - findfont: Font family 'Helvetica' not found.
[2024-12-09 15:00:00,391] 1371 matplotlib.font_manager - WARNING - findfont: Font family 'Helvetica' not found.
[2024-12-09 15:00:00,499] 1371 matplotlib.font_manager - WARNING - findfont: Font family 'Helvetica' not found.
[2024-12-09 15:00:00,500] 1371 matplotlib.font_manager - WARNING - findfont: Font family 'Helvetica' not found.
[2024-12-09 15:22:56,567] 103 streamlit_webrtc.webrtc - INFO - Track audio received
[2024-12-09 15:22:56,567] 148 streamlit_webrtc.webrtc - INFO - Add a track <aiortc.rtcrtpreceiver.RemoteStreamTrack object at 0x0000023723A4F5C0> of kind audio to <aiortc.rtcpeerconnection.RTCPeerConnection object at 0x000002370D2150A0>
[2024-12-09 15:22:56,568] 103 streamlit_webrtc.webrtc - INFO - Track video received
[2024-12-09 15:22:56,569] 148 streamlit_webrtc.webrtc - INFO - Add a track <aiortc.rtcrtpreceiver.RemoteStreamTrack object at 0x0000023723A4F830> of kind video to <aiortc.rtcpeerconnection.RTCPeerConnection object at 0x000002370D2150A0>
[2024-12-09 15:22:56,594] 1114 aioice.ice - INFO - Connection(0) Could not bind to 169.254.211.164 - [WinError 10049] The requested address is not valid in its context
[2024-12-09 15:22:56,594] 1114 aioice.ice - INFO - Connection(0) Could not bind to 172.16.26.15 - [WinError 10049] The requested address is not valid in its context
[2024-12-09 15:22:56,594] 1114 aioice.ice - INFO - Connection(0) Could not bind to 169.254.255.111 - [WinError 10049] The requested address is not valid in its context
[2024-12-09 15:22:56,596] 1114 aioice.ice - INFO - Connection(0) Could not bind to 169.254.59.57 - [WinError 10049] The requested address is not valid in its context
[2024-12-09 15:22:56,598] 1114 aioice.ice - INFO - Connection(0) Could not bind to 169.254.197.227 - [WinError 10049] The requested address is not valid in its context
[2024-12-09 15:22:56,634] 1114 aioice.ice - INFO - Connection(0) Check CandidatePair(('172.26.82.108', 63756) -> ('172.26.82.108', 49472)) State.FROZEN -> State.WAITING
[2024-12-09 15:22:56,640] 520 streamlit_webrtc.webrtc - INFO - ICE connection state is checking
[2024-12-09 15:22:56,640] 1114 aioice.ice - INFO - Connection(0) Check CandidatePair(('172.26.82.108', 63756) -> ('172.26.82.108', 49472)) State.WAITING -> State.IN_PROGRESS
[2024-12-09 15:22:59,901] 1114 aioice.ice - INFO - Connection(0) Check CandidatePair(('172.26.82.108', 63756) -> ('172.26.82.108', 49472)) State.IN_PROGRESS -> State.SUCCEEDED
[2024-12-09 15:23:00,957] 1114 aioice.ice - INFO - Connection(0) ICE completed
[2024-12-09 15:23:00,976] 520 streamlit_webrtc.webrtc - INFO - ICE connection state is completed
[2024-12-09 15:23:42,408] 174 streamlit_webrtc.webrtc - INFO - Track audio ended
[2024-12-09 15:23:42,408] 174 streamlit_webrtc.webrtc - INFO - Track video ended
[2024-12-09 15:23:42,413] 520 streamlit_webrtc.webrtc - INFO - ICE connection state is closed
[2024-12-09 15:24:04,933] 103 streamlit_webrtc.webrtc - INFO - Track audio received
[2024-12-09 15:24:04,934] 148 streamlit_webrtc.webrtc - INFO - Add a track <aiortc.rtcrtpreceiver.RemoteStreamTrack object at 0x00000237240296D0> of kind audio to <aiortc.rtcpeerconnection.RTCPeerConnection object at 0x0000023723CF9D00>
[2024-12-09 15:24:04,934] 103 streamlit_webrtc.webrtc - INFO - Track video received
[2024-12-09 15:24:04,935] 148 streamlit_webrtc.webrtc - INFO - Add a track <aiortc.rtcrtpreceiver.RemoteStreamTrack object at 0x0000023723CD82F0> of kind video to <aiortc.rtcpeerconnection.RTCPeerConnection object at 0x0000023723CF9D00>
[2024-12-09 15:24:04,957] 1114 aioice.ice - INFO - Connection(2) Could not bind to 169.254.211.164 - [WinError 10049] The requested address is not valid in its context
[2024-12-09 15:24:04,958] 1114 aioice.ice - INFO - Connection(2) Could not bind to 172.16.26.15 - [WinError 10049] The requested address is not valid in its context
[2024-12-09 15:24:04,959] 1114 aioice.ice - INFO - Connection(2) Could not bind to 169.254.255.111 - [WinError 10049] The requested address is not valid in its context
[2024-12-09 15:24:04,959] 1114 aioice.ice - INFO - Connection(2) Could not bind to 169.254.59.57 - [WinError 10049] The requested address is not valid in its context
[2024-12-09 15:24:04,962] 1114 aioice.ice - INFO - Connection(2) Could not bind to 169.254.197.227 - [WinError 10049] The requested address is not valid in its context
[2024-12-09 15:24:04,991] 1114 aioice.ice - INFO - Connection(2) Check CandidatePair(('172.26.82.108', 51202) -> ('172.26.82.108', 50433)) State.FROZEN -> State.WAITING
[2024-12-09 15:24:04,992] 520 streamlit_webrtc.webrtc - INFO - ICE connection state is checking
[2024-12-09 15:24:04,992] 1114 aioice.ice - INFO - Connection(2) Check CandidatePair(('172.26.82.108', 51202) -> ('172.26.82.108', 50433)) State.WAITING -> State.IN_PROGRESS
[2024-12-09 15:24:05,271] 1114 aioice.ice - INFO - Connection(2) Check CandidatePair(('172.26.82.108', 51202) -> ('172.26.82.108', 50433)) State.IN_PROGRESS -> State.SUCCEEDED
[2024-12-09 15:24:09,060] 1114 aioice.ice - INFO - Connection(2) ICE completed
[2024-12-09 15:24:09,064] 520 streamlit_webrtc.webrtc - INFO - ICE connection state is completed
[2024-12-09 15:25:02,184] 174 streamlit_webrtc.webrtc - INFO - Track audio ended
[2024-12-09 15:25:02,184] 174 streamlit_webrtc.webrtc - INFO - Track video ended
[2024-12-09 15:25:02,191] 520 streamlit_webrtc.webrtc - INFO - ICE connection state is closed
